<?xml version="1.0" encoding="UTF-8"?>
<!-- Generated by org.testng.reporters.JUnitReportReporter -->
<testsuite skipped="0" hostname="DESKTOP-UOSJI6I" name="testcases.PricingTest" tests="3" failures="0" timestamp="2021-08-10T16:00:46 IST" time="90.374" errors="0">
  <testcase name="sortingPrices" time="36.648" classname="testcases.PricingTest"/>
  <system-out/>
  <testcase name="choosingPlanTest" time="30.620" classname="testcases.PricingTest"/>
  <system-out/>
  <testcase name="verifyPricePageTitle" time="23.106" classname="testcases.PricingTest"/>
  <system-out/>
</testsuite> <!-- testcases.PricingTest -->
