<?xml version="1.0" encoding="UTF-8"?>
<!-- Generated by org.testng.reporters.JUnitReportReporter -->
<testsuite skipped="0" hostname="DESKTOP-UOSJI6I" name="testcases.HomepageTest" tests="4" failures="0" timestamp="2021-08-17T20:53:43 IST" time="38.330" errors="0">
  <testcase name="checkingOutTest" time="9.300" classname="testcases.HomepageTest"/>
  <system-out/>
  <testcase name="checkingOutTest" time="10.202" classname="testcases.HomepageTest"/>
  <system-out/>
  <testcase name="checkingOutTest" time="9.510" classname="testcases.HomepageTest"/>
  <system-out/>
  <testcase name="checkingOutTest" time="9.318" classname="testcases.HomepageTest"/>
  <system-out/>
</testsuite> <!-- testcases.HomepageTest -->
