<?xml version="1.0" encoding="UTF-8"?>
<!-- Generated by org.testng.reporters.JUnitReportReporter -->
<testsuite skipped="0" hostname="DESKTOP-UOSJI6I" name="testcases.CrossBrowserTesting" tests="1" failures="0" timestamp="2021-08-10T16:00:46 IST" time="35.862" errors="0">
  <testcase name="carouselTest" time="35.862" classname="testcases.CrossBrowserTesting"/>
  <system-out/>
</testsuite> <!-- testcases.CrossBrowserTesting -->
