<?xml version="1.0" encoding="UTF-8"?>
<!-- Generated by org.testng.reporters.JUnitReportReporter -->
<testsuite skipped="0" hostname="DESKTOP-UOSJI6I" name="testcases.LoginTest" tests="1" failures="0" timestamp="2021-08-17T20:09:01 IST" time="3.868" errors="0">
  <testcase name="verifyingLoginTitleTest" time="3.868" classname="testcases.LoginTest"/>
  <system-out/>
</testsuite> <!-- testcases.LoginTest -->
