<?xml version="1.0" encoding="UTF-8"?>
<!-- Generated by org.testng.reporters.JUnitReportReporter -->
<testsuite hostname="DESKTOP-UOSJI6I" failures="0" tests="2" name="testcases.LoginTest" time="9.587" errors="0" timestamp="2021-07-30T12:16:03 IST" skipped="0">
  <testcase classname="testcases.LoginTest" name="logintoWebsiteTest" time="6.211"/>
  <system-out/>
  <testcase classname="testcases.LoginTest" name="verifyingLoginTitleTest" time="3.376"/>
  <system-out/>
</testsuite> <!-- testcases.LoginTest -->
