<?xml version="1.0" encoding="UTF-8"?>
<!-- Generated by org.testng.reporters.JUnitReportReporter -->
<testsuite hostname="DESKTOP-UOSJI6I" failures="0" tests="7" name="testcases.HomepageTest" time="81.937" errors="0" timestamp="2021-07-30T12:16:03 IST" skipped="0">
  <testcase classname="testcases.HomepageTest" name="logoutTest" time="7.989"/>
  <system-out/>
  <testcase classname="testcases.HomepageTest" name="checkingOutTest" time="8.822"/>
  <system-out/>
  <testcase classname="testcases.HomepageTest" name="validatingHomepageTitleTest" time="3.339"/>
  <system-out/>
  <testcase classname="testcases.HomepageTest" name="checkingOutTest" time="17.846"/>
  <system-out/>
  <testcase classname="testcases.HomepageTest" name="checkingOutTest" time="8.858"/>
  <system-out/>
  <testcase classname="testcases.HomepageTest" name="checkingOutTest" time="8.829"/>
  <system-out/>
  <testcase classname="testcases.HomepageTest" name="navigateToMainWebsiteTest" time="26.254"/>
  <system-out/>
</testsuite> <!-- testcases.HomepageTest -->
